<?xml version="1.0" encoding="UTF-8"?>
<testsuite name="com.mainapp.mo2.ApplicationTests" tests="1" skipped="0" failures="0" errors="0" timestamp="2022-04-03T11:07:55" hostname="DESKTOP-EG62IRN" time="0.511">
  <properties/>
  <testcase name="contextLoads()" classname="com.mainapp.mo2.ApplicationTests" time="0.511"/>
  <system-out><![CDATA[21:07:54.268 [Test worker] DEBUG org.springframework.test.context.BootstrapUtils - Instantiating CacheAwareContextLoaderDelegate from class [org.springframework.test.context.cache.DefaultCacheAwareContextLoaderDelegate]
21:07:54.286 [Test worker] DEBUG org.springframework.test.context.BootstrapUtils - Instantiating BootstrapContext using constructor [public org.springframework.test.context.support.DefaultBootstrapContext(java.lang.Class,org.springframework.test.context.CacheAwareContextLoaderDelegate)]
21:07:54.333 [Test worker] DEBUG org.springframework.test.context.BootstrapUtils - Instantiating TestContextBootstrapper for test class [com.mainapp.mo2.ApplicationTests] from class [org.springframework.boot.test.context.SpringBootTestContextBootstrapper]
21:07:54.350 [Test worker] INFO org.springframework.boot.test.context.SpringBootTestContextBootstrapper - Neither @ContextConfiguration nor @ContextHierarchy found for test class [com.mainapp.mo2.ApplicationTests], using SpringBootContextLoader
21:07:54.357 [Test worker] DEBUG org.springframework.test.context.support.AbstractContextLoader - Did not detect default resource location for test class [com.mainapp.mo2.ApplicationTests]: class path resource [com/mainapp/mo2/ApplicationTests-context.xml] does not exist
21:07:54.357 [Test worker] DEBUG org.springframework.test.context.support.AbstractContextLoader - Did not detect default resource location for test class [com.mainapp.mo2.ApplicationTests]: class path resource [com/mainapp/mo2/ApplicationTestsContext.groovy] does not exist
21:07:54.357 [Test worker] INFO org.springframework.test.context.support.AbstractContextLoader - Could not detect default resource locations for test class [com.mainapp.mo2.ApplicationTests]: no resource found for suffixes {-context.xml, Context.groovy}.
21:07:54.358 [Test worker] INFO org.springframework.test.context.support.AnnotationConfigContextLoaderUtils - Could not detect default configuration classes for test class [com.mainapp.mo2.ApplicationTests]: ApplicationTests does not declare any static, non-private, non-final, nested classes annotated with @Configuration.
21:07:54.416 [Test worker] DEBUG org.springframework.test.context.support.ActiveProfilesUtils - Could not find an 'annotation declaring class' for annotation type [org.springframework.test.context.ActiveProfiles] and class [com.mainapp.mo2.ApplicationTests]
21:07:54.502 [Test worker] DEBUG org.springframework.context.annotation.ClassPathScanningCandidateComponentProvider - Identified candidate component class: file [C:\AllProgrammingFiles\java\prjs\springBootCourse\sf-di\build\classes\java\main\com\mainapp\mo2\Application.class]
21:07:54.503 [Test worker] INFO org.springframework.boot.test.context.SpringBootTestContextBootstrapper - Found @SpringBootConfiguration com.mainapp.mo2.Application for test class com.mainapp.mo2.ApplicationTests
21:07:54.619 [Test worker] DEBUG org.springframework.boot.test.context.SpringBootTestContextBootstrapper - @TestExecutionListeners is not present for class [com.mainapp.mo2.ApplicationTests]: using defaults.
21:07:54.620 [Test worker] INFO org.springframework.boot.test.context.SpringBootTestContextBootstrapper - Loaded default TestExecutionListener class names from location [META-INF/spring.factories]: [org.springframework.boot.test.autoconfigure.restdocs.RestDocsTestExecutionListener, org.springframework.boot.test.autoconfigure.web.client.MockRestServiceServerResetTestExecutionListener, org.springframework.boot.test.autoconfigure.web.servlet.MockMvcPrintOnlyOnFailureTestExecutionListener, org.springframework.boot.test.autoconfigure.web.servlet.WebDriverTestExecutionListener, org.springframework.boot.test.autoconfigure.webservices.client.MockWebServiceServerTestExecutionListener, org.springframework.boot.test.mock.mockito.MockitoTestExecutionListener, org.springframework.boot.test.mock.mockito.ResetMocksTestExecutionListener, org.springframework.test.context.web.ServletTestExecutionListener, org.springframework.test.context.support.DirtiesContextBeforeModesTestExecutionListener, org.springframework.test.context.event.ApplicationEventsTestExecutionListener, org.springframework.test.context.support.DependencyInjectionTestExecutionListener, org.springframework.test.context.support.DirtiesContextTestExecutionListener, org.springframework.test.context.transaction.TransactionalTestExecutionListener, org.springframework.test.context.jdbc.SqlScriptsTestExecutionListener, org.springframework.test.context.event.EventPublishingTestExecutionListener]
21:07:54.631 [Test worker] DEBUG org.springframework.boot.test.context.SpringBootTestContextBootstrapper - Skipping candidate TestExecutionListener [org.springframework.test.context.web.ServletTestExecutionListener] due to a missing dependency. Specify custom listener classes or make the default listener classes and their required dependencies available. Offending class: [javax/servlet/ServletContext]
21:07:54.633 [Test worker] DEBUG org.springframework.boot.test.context.SpringBootTestContextBootstrapper - Skipping candidate TestExecutionListener [org.springframework.test.context.transaction.TransactionalTestExecutionListener] due to a missing dependency. Specify custom listener classes or make the default listener classes and their required dependencies available. Offending class: [org/springframework/transaction/interceptor/TransactionAttributeSource]
21:07:54.634 [Test worker] DEBUG org.springframework.boot.test.context.SpringBootTestContextBootstrapper - Skipping candidate TestExecutionListener [org.springframework.test.context.jdbc.SqlScriptsTestExecutionListener] due to a missing dependency. Specify custom listener classes or make the default listener classes and their required dependencies available. Offending class: [org/springframework/transaction/interceptor/TransactionAttribute]
21:07:54.634 [Test worker] INFO org.springframework.boot.test.context.SpringBootTestContextBootstrapper - Using TestExecutionListeners: [org.springframework.test.context.support.DirtiesContextBeforeModesTestExecutionListener@553f1d75, org.springframework.test.context.event.ApplicationEventsTestExecutionListener@6e1d8f9e, org.springframework.boot.test.mock.mockito.MockitoTestExecutionListener@3e34ace1, org.springframework.boot.test.autoconfigure.SpringBootDependencyInjectionTestExecutionListener@62fe6067, org.springframework.test.context.support.DirtiesContextTestExecutionListener@4f071df8, org.springframework.test.context.event.EventPublishingTestExecutionListener@4de41af9, org.springframework.boot.test.autoconfigure.restdocs.RestDocsTestExecutionListener@56ace400, org.springframework.boot.test.autoconfigure.web.client.MockRestServiceServerResetTestExecutionListener@47404bea, org.springframework.boot.test.autoconfigure.web.servlet.MockMvcPrintOnlyOnFailureTestExecutionListener@305f7627, org.springframework.boot.test.autoconfigure.web.servlet.WebDriverTestExecutionListener@5d018107, org.springframework.boot.test.autoconfigure.webservices.client.MockWebServiceServerTestExecutionListener@6cbcf243, org.springframework.boot.test.mock.mockito.ResetMocksTestExecutionListener@29e6eb25]
21:07:54.639 [Test worker] DEBUG org.springframework.test.context.support.AbstractDirtiesContextTestExecutionListener - Before test class: context [DefaultTestContext@1433046b testClass = ApplicationTests, testInstance = [null], testMethod = [null], testException = [null], mergedContextConfiguration = [MergedContextConfiguration@3f446bef testClass = ApplicationTests, locations = '{}', classes = '{class com.mainapp.mo2.Application}', contextInitializerClasses = '[]', activeProfiles = '{}', propertySourceLocations = '{}', propertySourceProperties = '{org.springframework.boot.test.context.SpringBootTestContextBootstrapper=true}', contextCustomizers = set[org.springframework.boot.test.autoconfigure.actuate.metrics.MetricsExportContextCustomizerFactory$DisableMetricExportContextCustomizer@332796d3, org.springframework.boot.test.autoconfigure.properties.PropertyMappingContextCustomizer@0, org.springframework.boot.test.autoconfigure.web.servlet.WebDriverContextCustomizerFactory$Customizer@545b995e, org.springframework.boot.test.context.filter.ExcludeFilterContextCustomizer@29526c05, org.springframework.boot.test.json.DuplicateJsonObjectContextCustomizerFactory$DuplicateJsonObjectContextCustomizer@45312be2, org.springframework.boot.test.mock.mockito.MockitoContextCustomizer@0, org.springframework.boot.test.web.client.TestRestTemplateContextCustomizer@7749bf93, org.springframework.boot.test.context.SpringBootTestArgs@1, org.springframework.boot.test.context.SpringBootTestWebEnvironment@62e7f11d], contextLoader = 'org.springframework.boot.test.context.SpringBootContextLoader', parent = [null]], attributes = map[[empty]]], class annotated with @DirtiesContext [false] with mode [null].
21:07:54.651 [Test worker] DEBUG org.springframework.test.context.support.DependencyInjectionTestExecutionListener - Performing dependency injection for test context [[DefaultTestContext@1433046b testClass = ApplicationTests, testInstance = com.mainapp.mo2.ApplicationTests@51850751, testMethod = [null], testException = [null], mergedContextConfiguration = [MergedContextConfiguration@3f446bef testClass = ApplicationTests, locations = '{}', classes = '{class com.mainapp.mo2.Application}', contextInitializerClasses = '[]', activeProfiles = '{}', propertySourceLocations = '{}', propertySourceProperties = '{org.springframework.boot.test.context.SpringBootTestContextBootstrapper=true}', contextCustomizers = set[org.springframework.boot.test.autoconfigure.actuate.metrics.MetricsExportContextCustomizerFactory$DisableMetricExportContextCustomizer@332796d3, org.springframework.boot.test.autoconfigure.properties.PropertyMappingContextCustomizer@0, org.springframework.boot.test.autoconfigure.web.servlet.WebDriverContextCustomizerFactory$Customizer@545b995e, org.springframework.boot.test.context.filter.ExcludeFilterContextCustomizer@29526c05, org.springframework.boot.test.json.DuplicateJsonObjectContextCustomizerFactory$DuplicateJsonObjectContextCustomizer@45312be2, org.springframework.boot.test.mock.mockito.MockitoContextCustomizer@0, org.springframework.boot.test.web.client.TestRestTemplateContextCustomizer@7749bf93, org.springframework.boot.test.context.SpringBootTestArgs@1, org.springframework.boot.test.context.SpringBootTestWebEnvironment@62e7f11d], contextLoader = 'org.springframework.boot.test.context.SpringBootContextLoader', parent = [null]], attributes = map['org.springframework.test.context.event.ApplicationEventsTestExecutionListener.recordApplicationEvents' -> false]]].

  .   ____          _            __ _ _
 /\\ / ___'_ __ _ _(_)_ __  __ _ \ \ \ \
( ( )\___ | '_ | '_| | '_ \/ _` | \ \ \ \
 \\/  ___)| |_)| | | | | || (_| |  ) ) ) )
  '  |____| .__|_| |_|_| |_\__, | / / / /
 =========|_|==============|___/=/_/_/_/
 :: Spring Boot ::                (v2.6.6)

2022-04-03 21:07:54.975  INFO 1388 --- [    Test worker] com.mainapp.mo2.ApplicationTests         : Starting ApplicationTests using Java 17.0.2 on DESKTOP-EG62IRN with PID 1388 (started by asema in C:\AllProgrammingFiles\java\prjs\springBootCourse\sf-di)
2022-04-03 21:07:54.976  INFO 1388 --- [    Test worker] com.mainapp.mo2.ApplicationTests         : No active profile set, falling back to 1 default profile: "default"
2022-04-03 21:07:55.504  INFO 1388 --- [    Test worker] com.mainapp.mo2.ApplicationTests         : Started ApplicationTests in 0.82 seconds (JVM running for 2.226)
]]></system-out>
  <system-err><![CDATA[]]></system-err>
</testsuite>
